<?xml version="1.0" encoding="UTF-8"?>
<!-- Generated by org.testng.reporters.JUnitXMLReporter -->
<testsuite ignored="0" hostname="LAPTOP-0ACGH386" failures="0" tests="2" name="Default test" time="8.57" errors="0" timestamp="2025-12-08T22:48:45 IST">
  <testcase classname="framework.tests.LoginTest" name="invalidLogin_shouldShowErrorMessage" time="0.856"/>
  <testcase classname="framework.tests.LoginTest" name="validLogin_shouldNavigateToProductsPage" time="0.729"/>
</testsuite> <!-- Default test -->
