<?xml version="1.0" encoding="UTF-8"?>
<!-- Generated by org.testng.reporters.JUnitXMLReporter -->
<testsuite ignored="0" hostname="LAPTOP-0ACGH386" failures="0" tests="2" name="LoginTests" time="163.176" errors="0" timestamp="2025-12-07T20:48:09 IST">
  <testcase classname="framework.tests.LoginTest" name="invalidLogin_shouldShowErrorMessage" time="0.45"/>
  <testcase classname="framework.tests.LoginTest" name="validLogin_shouldNavigateToProductsPage" time="0.823"/>
</testsuite> <!-- LoginTests -->
