<?xml version="1.0" encoding="UTF-8"?>
<!-- Generated by org.testng.reporters.JUnitXMLReporter -->
<testsuite ignored="0" hostname="LAPTOP-0ACGH386" failures="1" tests="2" name="LoginTests" time="10.849" errors="0" timestamp="2025-12-21T22:24:46 IST">
  <testcase classname="framework.tests.LoginTest" name="invalidLogin_shouldShowErrorMessage" time="0.691"/>
  <testcase classname="framework.tests.LoginTest" name="validLogin_shouldNavigateToProductsPage" time="0.676">
    <failure type="junit.framework.AssertionFailedError">
      <![CDATA[junit.framework.AssertionFailedError
at junit.framework.Assert.fail(Assert.java:47)
at junit.framework.Assert.fail(Assert.java:53)
at framework.tests.LoginTest.validLogin_shouldNavigateToProductsPage(LoginTest.java:32)
at java.base/java.util.ArrayList.forEach(ArrayList.java:1596)
at java.base/java.util.concurrent.FutureTask.run(FutureTask.java:317)
at java.base/java.util.concurrent.ThreadPoolExecutor.runWorker(ThreadPoolExecutor.java:1144)
at java.base/java.util.concurrent.ThreadPoolExecutor$Worker.run(ThreadPoolExecutor.java:642)
at java.base/java.lang.Thread.run(Thread.java:1583)
... Removed 15 stack frames]]>
    </failure>
  </testcase> <!-- validLogin_shouldNavigateToProductsPage -->
</testsuite> <!-- LoginTests -->
