<?xml version="1.0" encoding="UTF-8"?>
<testng-results ignored="0" total="2" passed="1" failed="1" skipped="0">
  <reporter-output>
  </reporter-output>
  <suite started-at="2025-12-21T22:24:34 IST" name="SauceDemoSuite" finished-at="2025-12-21T22:24:45 IST" duration-ms="10849">
    <groups>
    </groups>
    <test started-at="2025-12-21T22:24:34 IST" name="LoginTests" finished-at="2025-12-21T22:24:45 IST" duration-ms="10849">
      <class name="framework.tests.LoginTest">
        <test-method is-config="true" signature="setUp()[pri:0, instance:framework.tests.LoginTest@515c6049]" started-at="2025-12-21T22:24:35 IST" name="setUp" finished-at="2025-12-21T22:24:39 IST" duration-ms="4707" status="PASS">
          <reporter-output>
          </reporter-output>
        </test-method> <!-- setUp -->
        <test-method signature="invalidLogin_shouldShowErrorMessage()[pri:0, instance:framework.tests.LoginTest@515c6049]" started-at="2025-12-21T22:24:39 IST" name="invalidLogin_shouldShowErrorMessage" finished-at="2025-12-21T22:24:40 IST" duration-ms="691" status="PASS">
          <reporter-output>
          </reporter-output>
        </test-method> <!-- invalidLogin_shouldShowErrorMessage -->
        <test-method is-config="true" signature="tearDown()[pri:0, instance:framework.tests.LoginTest@515c6049]" started-at="2025-12-21T22:24:40 IST" name="tearDown" finished-at="2025-12-21T22:24:40 IST" duration-ms="262" status="PASS">
          <reporter-output>
          </reporter-output>
        </test-method> <!-- tearDown -->
        <test-method is-config="true" signature="setUp()[pri:0, instance:framework.tests.LoginTest@515c6049]" started-at="2025-12-21T22:24:40 IST" name="setUp" finished-at="2025-12-21T22:24:44 IST" duration-ms="3606" status="PASS">
          <reporter-output>
          </reporter-output>
        </test-method> <!-- setUp -->
        <test-method signature="validLogin_shouldNavigateToProductsPage()[pri:0, instance:framework.tests.LoginTest@515c6049]" started-at="2025-12-21T22:24:44 IST" name="validLogin_shouldNavigateToProductsPage" finished-at="2025-12-21T22:24:45 IST" duration-ms="676" status="FAIL">
          <exception class="junit.framework.AssertionFailedError">
            <full-stacktrace>
              <![CDATA[junit.framework.AssertionFailedError
at junit.framework.Assert.fail(Assert.java:47)
at junit.framework.Assert.fail(Assert.java:53)
at framework.tests.LoginTest.validLogin_shouldNavigateToProductsPage(LoginTest.java:32)
at java.base/jdk.internal.reflect.DirectMethodHandleAccessor.invoke(DirectMethodHandleAccessor.java:103)
at java.base/java.lang.reflect.Method.invoke(Method.java:580)
at org.testng.internal.invokers.MethodInvocationHelper.invokeMethod(MethodInvocationHelper.java:141)
at org.testng.internal.invokers.TestInvoker.invokeMethod(TestInvoker.java:686)
at org.testng.internal.invokers.TestInvoker.invokeTestMethod(TestInvoker.java:230)
at org.testng.internal.invokers.MethodRunner.runInSequence(MethodRunner.java:63)
at org.testng.internal.invokers.TestInvoker$MethodInvocationAgent.invoke(TestInvoker.java:992)
at org.testng.internal.invokers.TestInvoker.invokeTestMethods(TestInvoker.java:203)
at org.testng.internal.invokers.TestMethodWorker.invokeTestMethods(TestMethodWorker.java:154)
at org.testng.internal.invokers.TestMethodWorker.run(TestMethodWorker.java:134)
at java.base/java.util.ArrayList.forEach(ArrayList.java:1596)
at org.testng.TestRunner.privateRun(TestRunner.java:739)
at org.testng.TestRunner.run(TestRunner.java:614)
at org.testng.SuiteRunner.runTest(SuiteRunner.java:421)
at org.testng.SuiteRunner$SuiteWorker.run(SuiteRunner.java:463)
at org.testng.internal.thread.ThreadUtil.lambda$execute$0(ThreadUtil.java:64)
at java.base/java.util.concurrent.FutureTask.run(FutureTask.java:317)
at java.base/java.util.concurrent.ThreadPoolExecutor.runWorker(ThreadPoolExecutor.java:1144)
at java.base/java.util.concurrent.ThreadPoolExecutor$Worker.run(ThreadPoolExecutor.java:642)
at java.base/java.lang.Thread.run(Thread.java:1583)
]]>
            </full-stacktrace>
          </exception> <!-- junit.framework.AssertionFailedError -->
          <reporter-output>
          </reporter-output>
        </test-method> <!-- validLogin_shouldNavigateToProductsPage -->
        <test-method is-config="true" signature="tearDown()[pri:0, instance:framework.tests.LoginTest@515c6049]" started-at="2025-12-21T22:24:45 IST" name="tearDown" finished-at="2025-12-21T22:24:45 IST" duration-ms="284" status="PASS">
          <reporter-output>
          </reporter-output>
        </test-method> <!-- tearDown -->
      </class> <!-- framework.tests.LoginTest -->
    </test> <!-- LoginTests -->
  </suite> <!-- SauceDemoSuite -->
</testng-results>
