<?xml version="1.0" encoding="UTF-8"?>
<testng-results ignored="0" total="2" passed="2" failed="0" skipped="0">
  <reporter-output>
  </reporter-output>
  <suite started-at="2025-12-07T20:45:26 IST" name="SauceDemoSuite" finished-at="2025-12-07T20:48:09 IST" duration-ms="163176">
    <groups>
    </groups>
    <test started-at="2025-12-07T20:45:26 IST" name="LoginTests" finished-at="2025-12-07T20:48:09 IST" duration-ms="163176">
      <class name="framework.tests.LoginTest">
        <test-method is-config="true" signature="setUp()[pri:0, instance:framework.tests.LoginTest@48075da3]" started-at="2025-12-07T20:45:26 IST" name="setUp" finished-at="2025-12-07T20:48:04 IST" duration-ms="157682" status="PASS">
          <reporter-output>
          </reporter-output>
        </test-method> <!-- setUp -->
        <test-method signature="invalidLogin_shouldShowErrorMessage()[pri:0, instance:framework.tests.LoginTest@48075da3]" started-at="2025-12-07T20:48:04 IST" name="invalidLogin_shouldShowErrorMessage" finished-at="2025-12-07T20:48:04 IST" duration-ms="450" status="PASS">
          <reporter-output>
          </reporter-output>
        </test-method> <!-- invalidLogin_shouldShowErrorMessage -->
        <test-method is-config="true" signature="tearDown()[pri:0, instance:framework.tests.LoginTest@48075da3]" started-at="2025-12-07T20:48:04 IST" name="tearDown" finished-at="2025-12-07T20:48:05 IST" duration-ms="486" status="PASS">
          <reporter-output>
          </reporter-output>
        </test-method> <!-- tearDown -->
        <test-method is-config="true" signature="setUp()[pri:0, instance:framework.tests.LoginTest@48075da3]" started-at="2025-12-07T20:48:05 IST" name="setUp" finished-at="2025-12-07T20:48:08 IST" duration-ms="3291" status="PASS">
          <reporter-output>
          </reporter-output>
        </test-method> <!-- setUp -->
        <test-method signature="validLogin_shouldNavigateToProductsPage()[pri:0, instance:framework.tests.LoginTest@48075da3]" started-at="2025-12-07T20:48:08 IST" name="validLogin_shouldNavigateToProductsPage" finished-at="2025-12-07T20:48:09 IST" duration-ms="823" status="PASS">
          <reporter-output>
          </reporter-output>
        </test-method> <!-- validLogin_shouldNavigateToProductsPage -->
        <test-method is-config="true" signature="tearDown()[pri:0, instance:framework.tests.LoginTest@48075da3]" started-at="2025-12-07T20:48:09 IST" name="tearDown" finished-at="2025-12-07T20:48:09 IST" duration-ms="383" status="PASS">
          <reporter-output>
          </reporter-output>
        </test-method> <!-- tearDown -->
      </class> <!-- framework.tests.LoginTest -->
    </test> <!-- LoginTests -->
  </suite> <!-- SauceDemoSuite -->
</testng-results>
