<?xml version="1.0" encoding="UTF-8"?>
<!-- Generated by org.testng.reporters.JUnitReportReporter -->
<testsuite hostname="LAPTOP-0ACGH386" failures="0" tests="2" name="framework.tests.LoginTest" time="5.686" errors="0" timestamp="2025-12-08T21:21:04 IST" skipped="0">
  <testcase classname="framework.tests.LoginTest" name="invalidLogin_shouldShowErrorMessage" time="1.809"/>
  <testcase classname="framework.tests.LoginTest" name="validLogin_shouldNavigateToProductsPage" time="3.877"/>
</testsuite> <!-- framework.tests.LoginTest -->
